{"level":"info","message":"Server is running on port 3000","timestamp":"2025-06-17T12:22:10.625Z"}
{"level":"info","message":"GET / 200 37 - 2.153 ms","timestamp":"2025-06-17T12:22:21.532Z"}
{"level":"info","message":"Server is running on port 3000","timestamp":"2025-06-17T12:24:21.383Z"}
{"level":"info","message":"Server is running on port 3000","timestamp":"2025-06-17T12:24:41.851Z"}
{"level":"info","message":"Server is running on port 3000","timestamp":"2025-06-17T12:24:43.515Z"}
{"level":"info","message":"Server is running on port 3000","timestamp":"2025-06-17T12:30:14.854Z"}
{"level":"info","message":"Server is running on port 3000","timestamp":"2025-06-17T12:30:23.455Z"}
{"level":"info","message":"Server is running on port 3000","timestamp":"2025-06-17T12:30:36.279Z"}
{"level":"info","message":"Server is running on port 3000","timestamp":"2025-06-17T12:30:38.636Z"}
{"level":"info","message":"Server is running on port 3000","timestamp":"2025-06-17T12:44:16.094Z"}
{"level":"info","message":"Server is running on port 3000","timestamp":"2025-06-17T12:44:49.069Z"}
{"level":"info","message":"Server is running on port 3000","timestamp":"2025-06-17T12:44:55.989Z"}
{"level":"info","message":"Server is running on port 3000","timestamp":"2025-06-17T12:45:24.490Z"}
{"level":"info","message":"Server is running on port 3000","timestamp":"2025-06-17T12:45:29.394Z"}
{"level":"info","message":"Server is running on port 3000","timestamp":"2025-06-17T12:45:39.832Z"}
{"level":"info","message":"Server is running on port 3000","timestamp":"2025-06-17T12:45:50.830Z"}
{"level":"info","message":"Server is running on port 3000","timestamp":"2025-06-17T12:45:52.697Z"}
{"level":"info","message":"Server is running on port 3000","timestamp":"2025-06-17T12:45:57.853Z"}
{"level":"info","message":"Server is running on port 3000","timestamp":"2025-06-17T12:46:03.888Z"}
{"level":"info","message":"Server is running on port 3000","timestamp":"2025-06-17T12:46:08.400Z"}
{"level":"info","message":"Server is running on port 3000","timestamp":"2025-06-17T12:48:07.739Z"}
{"level":"info","message":"Server is running on port 3000","timestamp":"2025-06-17T12:48:13.075Z"}
{"level":"info","message":"Server is running on port 3000","timestamp":"2025-06-17T12:49:11.320Z"}
{"level":"info","message":"GET /api/dealers 200 4 - 2.204 ms","timestamp":"2025-06-17T12:49:23.301Z"}
{"level":"info","message":"GET /favicon.ico 404 150 - 3.268 ms","timestamp":"2025-06-17T12:49:23.422Z"}
{"level":"info","message":"Server is running on port 3000","timestamp":"2025-06-17T13:31:23.298Z"}
{"level":"info","message":"Server is running on port 3000","timestamp":"2025-06-17T13:31:37.512Z"}
{"level":"info","message":"GET /api/dealers 200 4 - 6.525 ms","timestamp":"2025-06-17T13:31:47.498Z"}
{"level":"info","message":"Server is running on port 3000","timestamp":"2025-06-17T13:37:01.928Z"}
{"level":"info","message":"Server is running on port 3000","timestamp":"2025-06-17T13:37:45.831Z"}
{"level":"info","message":"Server is running on port 3000","timestamp":"2025-06-17T13:38:01.126Z"}
{"level":"info","message":"Server is running on port 3000","timestamp":"2025-06-17T13:38:06.874Z"}
{"level":"info","message":"Server is running on port 3000","timestamp":"2025-06-17T13:38:17.543Z"}
{"level":"info","message":"Server is running on port 3000","timestamp":"2025-06-17T13:38:25.589Z"}
{"level":"info","message":"Server is running on port 3000","timestamp":"2025-06-17T13:39:21.650Z"}
{"level":"info","message":"Server is running on port 3000","timestamp":"2025-06-17T13:39:26.903Z"}
{"level":"info","message":"Server is running on port 3000","timestamp":"2025-06-17T13:39:32.750Z"}
{"level":"info","message":"Server is running on port 3000","timestamp":"2025-06-17T13:39:36.709Z"}
{"level":"info","message":"Server is running on port 3000","timestamp":"2025-06-17T13:39:40.546Z"}
{"level":"info","message":"Server is running on port 3000","timestamp":"2025-06-17T13:39:44.204Z"}
{"level":"info","message":"Server is running on port 3000","timestamp":"2025-06-17T13:51:34.787Z"}
{"level":"info","message":"Server is running on port 3000","timestamp":"2025-06-17T13:56:54.997Z"}
{"level":"info","message":"Server is running on port 3000","timestamp":"2025-06-17T13:57:06.269Z"}
{"level":"info","message":"Server is running on port 3000","timestamp":"2025-06-17T13:57:16.235Z"}
{"level":"info","message":"POST /api/dealers 404 151 - 29.409 ms","timestamp":"2025-06-17T14:00:22.448Z"}
{"level":"info","message":"Server is running on port 3000","timestamp":"2025-06-17T14:01:14.737Z"}
{"level":"info","message":"Server is running on port 3000","timestamp":"2025-06-17T14:01:19.975Z"}
{"level":"info","message":"POST /api/dealers 400 44 - 17.434 ms","timestamp":"2025-06-17T14:01:23.731Z"}
{"level":"info","message":"POST /api/dealers 201 174 - 9.231 ms","timestamp":"2025-06-17T14:02:40.548Z"}
{"level":"info","message":"Server is running on port 3000","timestamp":"2025-06-17T14:06:07.982Z"}
{"level":"info","message":"GET /api/dealers 200 26 - 4.779 ms","timestamp":"2025-06-17T14:06:12.699Z"}
{"level":"info","message":"POST /api/dealers 201 174 - 16.661 ms","timestamp":"2025-06-17T14:06:20.851Z"}
{"level":"info","message":"GET /api/dealers 200 176 - 1.546 ms","timestamp":"2025-06-17T14:06:23.699Z"}
{"level":"info","message":"Server is running on port 3000","timestamp":"2025-06-17T14:08:24.117Z"}
{"level":"info","message":"Server is running on port 3000","timestamp":"2025-06-17T14:09:37.455Z"}
{"level":"info","message":"Server is running on port 3000","timestamp":"2025-06-17T14:09:47.260Z"}
{"level":"info","message":"Server is running on port 3000","timestamp":"2025-06-17T14:09:53.462Z"}
{"level":"info","message":"Server is running on port 3000","timestamp":"2025-06-17T14:10:02.567Z"}
{"level":"info","message":"Server is running on port 3000","timestamp":"2025-06-17T14:10:24.876Z"}
{"level":"info","message":"POST /api/dealers 201 174 - 29.300 ms","timestamp":"2025-06-17T14:10:31.038Z"}
{"level":"info","message":"GET /api/dealers/01JXZ3MAZF6RBR0E5EBBHSJGEX - - - - ms","timestamp":"2025-06-17T14:10:56.584Z"}
{"level":"info","message":"GET /api/dealers/01JXZ3MAZF6RBR0E5EBBHSJGEX - - - - ms","timestamp":"2025-06-17T14:11:11.048Z"}
{"level":"info","message":"Server is running on port 3000","timestamp":"2025-06-17T18:20:16.738Z"}
{"level":"info","message":"POST /api/dealers 201 174 - 48.060 ms","timestamp":"2025-06-17T18:21:09.824Z"}
{"level":"info","message":"POST /api/dealers 201 174 - 1.075 ms","timestamp":"2025-06-17T18:21:57.197Z"}
{"level":"info","message":"GET /api/dealers/01JXZHZ99CC1A2DGCD2K4FX0W4 - - - - ms","timestamp":"2025-06-17T18:22:08.840Z"}
{"level":"info","message":"GET /api/dealers/01JXZJ0QJCHG7KD7MVGSV3N9WH - - - - ms","timestamp":"2025-06-17T18:22:15.650Z"}
{"level":"info","message":"Server is running on port 3000","timestamp":"2025-06-17T18:23:12.834Z"}
{"level":"info","message":"Server is running on port 3000","timestamp":"2025-06-17T18:24:07.833Z"}
{"level":"info","message":"Server is running on port 3000","timestamp":"2025-06-17T18:24:10.149Z"}
{"level":"info","message":"POST /api/dealers 201 174 - 34.841 ms","timestamp":"2025-06-17T18:24:11.752Z"}
{"level":"info","message":"Server is running on port 3000","timestamp":"2025-06-17T18:25:51.833Z"}
{"level":"info","message":"POST /api/dealers 201 174 - 17.499 ms","timestamp":"2025-06-17T18:25:55.821Z"}
{"level":"info","message":"GET /api/dealers 200 176 - 1.008 ms","timestamp":"2025-06-17T18:26:01.344Z"}
{"level":"info","message":"GET /api/dealers 200 176 - 0.806 ms","timestamp":"2025-06-17T18:26:05.963Z"}
{"level":"info","message":"GET /api/dealers/01JXZJ80K5HTRFSRAB48GGC3AP - - - - ms","timestamp":"2025-06-17T18:26:15.580Z"}
{"level":"info","message":"GET /api/dealers/01JXZJ80K5HTRFSRAB48GGC3AP - - - - ms","timestamp":"2025-06-17T18:26:31.677Z"}
{"level":"info","message":"GET /api/dealers/01JXZJ80K5HTRFSRAB48GGC3AP - - - - ms","timestamp":"2025-06-17T18:26:45.861Z"}
{"level":"info","message":"GET /api/dealers/01JXZJ80K5HTRFSRAB48GGC3AP - - - - ms","timestamp":"2025-06-17T18:27:00.243Z"}
{"level":"info","message":"Server is running on port 3000","timestamp":"2025-06-17T18:27:40.351Z"}
{"level":"info","message":"Server is running on port 3000","timestamp":"2025-06-17T18:28:48.636Z"}
{"level":"info","message":"GET /api/dealers/01JXZJ80K5HTRFSRAB48GGC3AP 404 44 - 6.137 ms","timestamp":"2025-06-17T18:28:49.774Z"}
{"level":"info","message":"POST /api/dealers 201 174 - 19.403 ms","timestamp":"2025-06-17T18:28:56.398Z"}
{"level":"info","message":"Server is running on port 3000","timestamp":"2025-06-18T03:38:42.321Z"}
{"level":"info","message":"POST /api/dealers 201 174 - 60.428 ms","timestamp":"2025-06-18T03:38:45.438Z"}
{"level":"info","message":"GET /api/dealers/01JY0HW8S58GYVBNBKN4GSHJRR 200 174 - 3.423 ms","timestamp":"2025-06-18T03:38:52.245Z"}
{"level":"info","message":"Server is running on port 3000","timestamp":"2025-06-18T03:41:21.086Z"}
{"level":"info","message":"POST /api/dealers 201 174 - 43.068 ms","timestamp":"2025-06-18T03:41:27.700Z"}
{"level":"info","message":"PUT /api/lists/01JY0J177ZZE9912MCVBMP5XJW 404 175 - 5.157 ms","timestamp":"2025-06-18T03:41:43.295Z"}
{"level":"info","message":"Server is running on port 3000","timestamp":"2025-06-18T03:42:28.911Z"}
{"level":"info","message":"Server is running on port 3000","timestamp":"2025-06-18T03:45:47.907Z"}
{"level":"info","message":"POST /api/dealers 201 174 - 46.674 ms","timestamp":"2025-06-18T03:45:59.647Z"}
{"level":"info","message":"GET /api/dealers 200 176 - 2.147 ms","timestamp":"2025-06-18T03:46:08.233Z"}
{"level":"info","message":"GET /api/dealers/01JY0J9GT83Z1XG5GYWTVY5NBH 200 174 - 2.532 ms","timestamp":"2025-06-18T03:46:12.943Z"}
{"level":"info","message":"PUT /api/lists/01JY0J9GT83Z1XG5GYWTVY5NBH 404 175 - 5.349 ms","timestamp":"2025-06-18T03:46:27.150Z"}
{"level":"info","message":"GET /api/dealers/01JY0J9GT83Z1XG5GYWTVY5NBH 200 174 - 1.514 ms","timestamp":"2025-06-18T03:46:56.230Z"}
{"level":"error","message":"Error:","timestamp":"2025-06-18T03:47:13.620Z"}
{"level":"info","message":"PUT /api/lists/01JY0J9GT83Z1XG5GYWTVY5NBH 500 51 - 13.290 ms","timestamp":"2025-06-18T03:47:13.624Z"}
{"level":"info","message":"PUT /api/lists/01JY0J9GT83Z1XG5GYWTVY5NBH 404 175 - 1.746 ms","timestamp":"2025-06-18T03:47:16.546Z"}
{"level":"info","message":"PUT /api/dealer/01JY0J9GT83Z1XG5GYWTVY5NBH 404 176 - 1.531 ms","timestamp":"2025-06-18T03:47:59.770Z"}
{"level":"info","message":"PUT /api/dealers/01JY0J9GT83Z1XG5GYWTVY5NBH 200 188 - 3.546 ms","timestamp":"2025-06-18T03:48:05.227Z"}
{"level":"info","message":"PUT /api/dealers/01JY0J9GT83Z1XG5GYWTVY5NBH 200 220 - 2.194 ms","timestamp":"2025-06-18T03:48:12.018Z"}
{"level":"info","message":"DELETE /api/delaer/01JY0J9GT83Z1XG5GYWTVY5NBH 404 179 - 2.583 ms","timestamp":"2025-06-18T03:48:35.947Z"}
{"level":"info","message":"DELETE /api/dealers/01JY0J9GT83Z1XG5GYWTVY5NBH 200 26 - 2.396 ms","timestamp":"2025-06-18T03:49:01.686Z"}
{"level":"info","message":"GET /api/dealers 200 26 - 1.122 ms","timestamp":"2025-06-18T03:49:05.986Z"}
{"level":"info","message":"Server is running on port 3000","timestamp":"2025-06-18T03:54:35.697Z"}
{"level":"info","message":"Server is running on port 3000","timestamp":"2025-06-18T03:54:52.813Z"}
{"level":"info","message":"Server is running on port 3000","timestamp":"2025-06-18T03:55:06.846Z"}
{"level":"info","message":"Server is running on port 3000","timestamp":"2025-06-18T03:55:09.459Z"}
{"level":"info","message":"Server is running on port 3000","timestamp":"2025-06-18T03:55:16.316Z"}
{"level":"info","message":"Server is running on port 3000","timestamp":"2025-06-18T03:55:29.728Z"}
{"level":"info","message":"Server is running on port 3000","timestamp":"2025-06-18T03:55:34.602Z"}
{"level":"info","message":"Server is running on port 3000","timestamp":"2025-06-18T03:55:37.512Z"}
{"level":"info","message":"Server is running on port 3000","timestamp":"2025-06-18T04:07:58.358Z"}
{"level":"info","message":"Server is running on port 3000","timestamp":"2025-06-18T04:10:26.266Z"}
{"level":"info","message":"Server is running on port 3000","timestamp":"2025-06-18T04:10:44.405Z"}
{"level":"info","message":"POST /api/cars-make 400 44 - 12.383 ms","timestamp":"2025-06-18T04:11:01.896Z"}
{"level":"info","message":"Server is running on port 3000","timestamp":"2025-06-18T04:11:31.238Z"}
{"level":"info","message":"Server is running on port 3000","timestamp":"2025-06-18T04:11:32.948Z"}
{"level":"info","message":"Server is running on port 3000","timestamp":"2025-06-18T04:11:43.165Z"}
{"level":"info","message":"POST /api/cars-make 201 168 - 16.859 ms","timestamp":"2025-06-18T04:11:59.188Z"}
{"level":"info","message":"GET /api/cars-make 200 170 - 0.886 ms","timestamp":"2025-06-18T04:12:07.335Z"}
{"level":"info","message":"GET /api/cars-make/01JY0KS3TB98TRS2AXKP06Y0AP 200 170 - 0.668 ms","timestamp":"2025-06-18T04:12:24.910Z"}
{"level":"info","message":"PUT /api/lists/01JY0KS3TB98TRS2AXKP06Y0AP 404 175 - 1.327 ms","timestamp":"2025-06-18T04:12:44.618Z"}
{"level":"info","message":"PUT /api/cars-make/01JY0KS3TB98TRS2AXKP06Y0AP 200 181 - 1.821 ms","timestamp":"2025-06-18T04:12:59.478Z"}
{"level":"info","message":"DELETE /api/lists/01JY0KS3TB98TRS2AXKP06Y0APs 404 179 - 0.816 ms","timestamp":"2025-06-18T04:13:17.317Z"}
{"level":"info","message":"DELETE /api/cars-make/01JY0KS3TB98TRS2AXKP06Y0APs 404 42 - 1.259 ms","timestamp":"2025-06-18T04:13:28.351Z"}
{"level":"info","message":"DELETE /api/cars-make/01JY0KS3TB98TRS2AXKP06Y0AP 200 26 - 0.580 ms","timestamp":"2025-06-18T04:13:32.338Z"}
{"level":"info","message":"Server is running on port 3000","timestamp":"2025-06-18T04:13:56.764Z"}
{"level":"info","message":"Server is running on port 3000","timestamp":"2025-06-18T04:14:01.773Z"}
{"level":"info","message":"Server is running on port 3000","timestamp":"2025-06-18T04:14:03.666Z"}
{"level":"info","message":"Server is running on port 3000","timestamp":"2025-06-18T04:14:11.713Z"}
{"level":"info","message":"Server is running on port 3000","timestamp":"2025-06-18T04:14:21.284Z"}
{"level":"info","message":"Server is running on port 3000","timestamp":"2025-06-18T04:14:27.246Z"}
{"level":"info","message":"Server is running on port 3000","timestamp":"2025-06-18T04:14:48.157Z"}
{"level":"info","message":"Server is running on port 3000","timestamp":"2025-06-18T04:14:53.289Z"}
{"level":"info","message":"Server is running on port 3000","timestamp":"2025-06-18T04:15:08.511Z"}
{"level":"info","message":"Server is running on port 3000","timestamp":"2025-06-18T04:15:17.037Z"}
{"level":"info","message":"Server is running on port 3000","timestamp":"2025-06-18T05:10:56.893Z"}
{"level":"info","message":"Server is running on port 3000","timestamp":"2025-06-18T05:12:19.051Z"}
{"level":"info","message":"Server is running on port 3000","timestamp":"2025-06-18T05:12:21.995Z"}
{"level":"info","message":"Server is running on port 3000","timestamp":"2025-06-18T05:12:41.242Z"}
{"level":"info","message":"Server is running on port 3000","timestamp":"2025-06-18T05:16:06.908Z"}
{"level":"info","message":"Server is running on port 3000","timestamp":"2025-06-18T05:20:38.250Z"}
{"level":"info","message":"Server is running on port 3000","timestamp":"2025-06-18T05:21:09.401Z"}
{"level":"info","message":"Server is running on port 3000","timestamp":"2025-06-18T05:21:50.923Z"}
{"level":"info","message":"Server is running on port 3000","timestamp":"2025-06-18T05:22:10.963Z"}
{"level":"info","message":"POST /api/dealers 201 174 - 13.415 ms","timestamp":"2025-06-18T05:25:20.578Z"}
{"level":"info","message":"POST /api/cars/01JY0QZE1VY4VBEFJQTTM3DWEN/ 400 102 - 2.655 ms","timestamp":"2025-06-18T05:25:40.481Z"}
{"level":"info","message":"POST /api/cars/01JY0QZE1VY4VBEFJQTTM3DWEN/ 400 102 - 1.124 ms","timestamp":"2025-06-18T05:27:03.551Z"}
{"level":"info","message":"Server is running on port 3000","timestamp":"2025-06-18T05:29:22.937Z"}
{"level":"info","message":"Server is running on port 3000","timestamp":"2025-06-18T12:21:06.862Z"}
{"level":"info","message":"MongoDB connected successfully","timestamp":"2025-06-18T12:21:10.717Z"}
{"level":"info","message":"Server is running on port 3000","timestamp":"2025-06-18T12:51:20.275Z"}
{"level":"info","message":"MongoDB connected successfully","timestamp":"2025-06-18T12:51:21.615Z"}
{"level":"info","message":"Server is running on port 3000","timestamp":"2025-06-18T12:52:14.716Z"}
{"level":"info","message":"MongoDB connected successfully","timestamp":"2025-06-18T12:52:15.781Z"}
{"level":"info","message":"GET /api/dealers 200 26 - 106.334 ms","timestamp":"2025-06-18T12:56:01.187Z"}
{"level":"info","message":"Server is running on port 3000","timestamp":"2025-06-18T12:57:34.788Z"}
{"level":"info","message":"MongoDB connected successfully","timestamp":"2025-06-18T12:57:36.066Z"}
{"level":"info","message":"Server is running on port 3000","timestamp":"2025-06-18T12:57:45.512Z"}
{"level":"info","message":"MongoDB connected successfully","timestamp":"2025-06-18T12:57:46.627Z"}
{"level":"info","message":"Server is running on port 3000","timestamp":"2025-06-18T12:58:24.264Z"}
{"level":"info","message":"MongoDB connected successfully","timestamp":"2025-06-18T12:58:25.176Z"}
{"level":"info","message":"POST /api/dealers 404 151 - 25.062 ms","timestamp":"2025-06-18T12:58:40.768Z"}
{"level":"info","message":"Server is running on port 3000","timestamp":"2025-06-18T12:59:51.731Z"}
{"level":"info","message":"MongoDB connected successfully","timestamp":"2025-06-18T12:59:52.919Z"}
{"level":"info","message":"POST /api/dealers 400 51 - 12.751 ms","timestamp":"2025-06-18T13:00:05.810Z"}
{"level":"info","message":"POST /api/dealers 201 144 - 117.919 ms","timestamp":"2025-06-18T13:00:29.226Z"}
{"level":"info","message":"GET /api/dealers 200 146 - 106.740 ms","timestamp":"2025-06-18T13:01:36.270Z"}
{"level":"error","message":"Error:","timestamp":"2025-06-18T13:02:45.787Z"}
{"level":"info","message":"POST /api/dealers 500 51 - 2.545 ms","timestamp":"2025-06-18T13:02:45.788Z"}
{"level":"info","message":"POST /api/dealers 201 144 - 103.619 ms","timestamp":"2025-06-18T13:02:53.167Z"}
{"level":"info","message":"Server is running on port 3000","timestamp":"2025-06-18T13:06:50.796Z"}
{"level":"info","message":"MongoDB connected successfully","timestamp":"2025-06-18T13:06:52.629Z"}
{"level":"info","message":"Server is running on port 3000","timestamp":"2025-06-18T13:07:05.875Z"}
{"level":"info","message":"MongoDB connected successfully","timestamp":"2025-06-18T13:07:07.621Z"}
{"level":"info","message":"POST /api/dealers 201 144 - 1787.756 ms","timestamp":"2025-06-18T13:07:07.730Z"}
{"level":"info","message":"Server is running on port 3000","timestamp":"2025-06-18T13:08:39.041Z"}
{"level":"info","message":"MongoDB connected successfully","timestamp":"2025-06-18T13:08:40.813Z"}
{"level":"info","message":"GET /api/dealers 200 388 - 121.097 ms","timestamp":"2025-06-18T13:08:42.308Z"}
{"level":"info","message":"Server is running on port 3000","timestamp":"2025-06-18T13:11:02.228Z"}
{"level":"info","message":"MongoDB connected successfully","timestamp":"2025-06-18T13:11:04.182Z"}
{"level":"info","message":"Server is running on port 3000","timestamp":"2025-06-18T13:12:48.305Z"}
{"level":"info","message":"Server is running on port 3000","timestamp":"2025-06-18T13:12:55.484Z"}
{"level":"info","message":"MongoDB connected successfully","timestamp":"2025-06-18T13:12:56.635Z"}
{"level":"info","message":"Server is running on port 3000","timestamp":"2025-06-18T13:13:07.845Z"}
{"level":"info","message":"MongoDB connected successfully","timestamp":"2025-06-18T13:13:08.799Z"}
{"level":"info","message":"Server is running on port 3000","timestamp":"2025-06-18T13:13:14.038Z"}
{"level":"info","message":"MongoDB connected successfully","timestamp":"2025-06-18T13:13:15.297Z"}
{"level":"info","message":"GET /api/dealers 200 517 - 99.974 ms","timestamp":"2025-06-18T13:13:15.928Z"}
{"level":"info","message":"Server is running on port 3000","timestamp":"2025-06-18T13:15:20.906Z"}
{"level":"info","message":"MongoDB connected successfully","timestamp":"2025-06-18T13:15:22.699Z"}
{"level":"info","message":"Server is running on port 3000","timestamp":"2025-06-18T13:15:27.901Z"}
{"level":"info","message":"MongoDB connected successfully","timestamp":"2025-06-18T13:15:28.935Z"}
{"level":"info","message":"Server is running on port 3000","timestamp":"2025-06-18T13:16:44.770Z"}
{"level":"info","message":"MongoDB connected successfully","timestamp":"2025-06-18T13:16:46.066Z"}
{"level":"info","message":"GET /api/dealers/dealer_01JY1JCY39K6G3SSZXZC145M4S 200 188 - 122.098 ms","timestamp":"2025-06-18T13:17:02.894Z"}
{"level":"info","message":"Server is running on port 3000","timestamp":"2025-06-18T13:20:14.822Z"}
{"level":"info","message":"MongoDB connected successfully","timestamp":"2025-06-18T13:20:16.085Z"}
{"level":"info","message":"PUT /api/dealer/list-id-here 404 162 - 21.580 ms","timestamp":"2025-06-18T13:20:38.084Z"}
{"level":"info","message":"PUT /api/dealer/dealer_01JY1JCY39K6G3SSZXZC145M4S 404 183 - 0.855 ms","timestamp":"2025-06-18T13:21:18.877Z"}
{"level":"info","message":"PUT /api/dealers/dealer_01JY1JCY39K6G3SSZXZC145M4S 200 202 - 165.693 ms","timestamp":"2025-06-18T13:21:29.965Z"}
{"level":"info","message":"Server is running on port 3000","timestamp":"2025-06-18T14:26:29.862Z"}
{"level":"info","message":"MongoDB connected successfully","timestamp":"2025-06-18T14:26:31.166Z"}
{"level":"info","message":"Server is running on port 3000","timestamp":"2025-06-18T14:26:37.042Z"}
{"level":"info","message":"MongoDB connected successfully","timestamp":"2025-06-18T14:26:38.183Z"}
{"level":"info","message":"Server is running on port 3000","timestamp":"2025-06-18T14:28:57.981Z"}
{"level":"info","message":"MongoDB connected successfully","timestamp":"2025-06-18T14:28:59.159Z"}
{"level":"info","message":"DELETE /api/dealers/dealer_01JY1JCY39K6G3SSZXZC145M4S 404 187 - 3.807 ms","timestamp":"2025-06-18T14:34:06.244Z"}
{"level":"info","message":"Server is running on port 3000","timestamp":"2025-06-18T14:34:32.933Z"}
{"level":"info","message":"MongoDB connected successfully","timestamp":"2025-06-18T14:34:34.252Z"}
{"level":"info","message":"Server is running on port 3000","timestamp":"2025-06-18T14:35:07.603Z"}
{"level":"info","message":"MongoDB connected successfully","timestamp":"2025-06-18T14:35:08.796Z"}
{"level":"info","message":"DELETE /api/dealers/dealer_01JY1JCY39K6G3SSZXZC145M4S 200 26 - 240.413 ms","timestamp":"2025-06-18T14:36:03.724Z"}
{"level":"info","message":"DELETE /api/dealers/dealer_01JY1JCY39K6G3SSZXZC145M4S 404 44 - 109.327 ms","timestamp":"2025-06-18T14:36:07.399Z"}
{"level":"info","message":"Server is running on port 3000","timestamp":"2025-06-18T15:02:35.954Z"}
{"level":"info","message":"MongoDB connected successfully","timestamp":"2025-06-18T15:02:37.493Z"}
{"level":"info","message":"GET /api/car-make 404 151 - 3.500 ms","timestamp":"2025-06-18T15:03:29.425Z"}
{"level":"info","message":"GET /api/cars-make 200 26 - 139.529 ms","timestamp":"2025-06-18T15:03:51.747Z"}
{"level":"info","message":"Server is running on port 3000","timestamp":"2025-06-18T15:08:11.930Z"}
{"level":"info","message":"MongoDB connected successfully","timestamp":"2025-06-18T15:08:13.956Z"}
{"level":"info","message":"POST /api/cars-make 201 177 - 213.275 ms","timestamp":"2025-06-18T15:09:25.811Z"}
{"level":"info","message":"Server is running on port 3000","timestamp":"2025-06-18T15:09:59.352Z"}
{"level":"info","message":"MongoDB connected successfully","timestamp":"2025-06-18T15:10:00.758Z"}
{"level":"info","message":"POST /api/cars-make 201 178 - 414.228 ms","timestamp":"2025-06-18T15:10:00.909Z"}
{"level":"info","message":"GET /api/cars-make 200 334 - 132.266 ms","timestamp":"2025-06-18T15:10:05.918Z"}
{"level":"info","message":"GET /api/cars-make/carmake_01JY1SDZSV8VFXNMK9YAZWF4Z1 200 334 - 118.429 ms","timestamp":"2025-06-18T15:10:12.623Z"}
{"level":"info","message":"Server is running on port 3000","timestamp":"2025-06-18T15:10:58.434Z"}
{"level":"info","message":"MongoDB connected successfully","timestamp":"2025-06-18T15:10:59.569Z"}
{"level":"info","message":"GET /api/cars-make/carmake_01JY1SDZSV8VFXNMK9YAZWF4Z1 200 178 - 149.938 ms","timestamp":"2025-06-18T15:11:00.896Z"}
{"level":"info","message":"PUT /api/cars-make/list-id-here 404 45 - 129.570 ms","timestamp":"2025-06-18T15:11:18.115Z"}
{"level":"info","message":"PUT /api/cars-make/carmake_01JY1SDZSV8VFXNMK9YAZWF4Z1 200 175 - 102.905 ms","timestamp":"2025-06-18T15:11:44.500Z"}
{"level":"info","message":"DELETE /api/cars-make/carmake_01JY1SDZSV8VFXNMK9YAZWF4Z1 200 26 - 105.633 ms","timestamp":"2025-06-18T15:11:51.376Z"}
{"level":"info","message":"Server is running on port 3000","timestamp":"2025-06-18T15:27:06.945Z"}
{"level":"info","message":"MongoDB connected successfully","timestamp":"2025-06-18T15:27:08.480Z"}
{"level":"info","message":"Server is running on port 3000","timestamp":"2025-06-18T15:27:21.526Z"}
{"level":"info","message":"Server is running on port 3000","timestamp":"2025-06-18T15:27:27.882Z"}
{"level":"info","message":"MongoDB connected successfully","timestamp":"2025-06-18T15:27:28.988Z"}
{"level":"info","message":"Server is running on port 3000","timestamp":"2025-06-18T15:28:01.291Z"}
{"level":"info","message":"MongoDB connected successfully","timestamp":"2025-06-18T15:28:02.675Z"}
{"level":"info","message":"Server is running on port 3000","timestamp":"2025-06-18T15:28:12.619Z"}
{"level":"info","message":"Server is running on port 3000","timestamp":"2025-06-18T15:28:16.530Z"}
{"level":"info","message":"Server is running on port 3000","timestamp":"2025-06-18T15:28:22.328Z"}
{"level":"info","message":"MongoDB connected successfully","timestamp":"2025-06-18T15:28:23.472Z"}
{"level":"info","message":"Server is running on port 3000","timestamp":"2025-06-18T15:28:27.626Z"}
{"level":"info","message":"MongoDB connected successfully","timestamp":"2025-06-18T15:28:28.746Z"}
{"level":"info","message":"Server is running on port 3000","timestamp":"2025-06-18T15:28:35.847Z"}
{"level":"info","message":"MongoDB connected successfully","timestamp":"2025-06-18T15:28:36.976Z"}
{"level":"info","message":"Server is running on port 3000","timestamp":"2025-06-18T15:28:54.874Z"}
{"level":"info","message":"Server is running on port 3000","timestamp":"2025-06-18T15:28:59.473Z"}
{"level":"info","message":"MongoDB connected successfully","timestamp":"2025-06-18T15:29:00.632Z"}
{"level":"info","message":"Server is running on port 3000","timestamp":"2025-06-18T15:29:04.997Z"}
{"level":"info","message":"MongoDB connected successfully","timestamp":"2025-06-18T15:29:06.123Z"}
{"level":"info","message":"Server is running on port 3000","timestamp":"2025-06-18T15:29:14.675Z"}
{"level":"info","message":"MongoDB connected successfully","timestamp":"2025-06-18T15:29:16.000Z"}
{"level":"info","message":"Server is running on port 3000","timestamp":"2025-06-18T15:29:25.985Z"}
{"level":"info","message":"MongoDB connected successfully","timestamp":"2025-06-18T15:29:27.092Z"}
{"level":"info","message":"Server is running on port 3000","timestamp":"2025-06-18T15:29:32.762Z"}
{"level":"info","message":"MongoDB connected successfully","timestamp":"2025-06-18T15:29:33.927Z"}
{"level":"info","message":"Server is running on port 3000","timestamp":"2025-06-18T15:29:40.885Z"}
{"level":"info","message":"Server is running on port 3000","timestamp":"2025-06-18T15:29:49.246Z"}
{"level":"info","message":"Server is running on port 3000","timestamp":"2025-06-18T15:29:53.719Z"}
{"level":"info","message":"MongoDB connected successfully","timestamp":"2025-06-18T15:29:54.870Z"}
{"level":"info","message":"Server is running on port 3000","timestamp":"2025-06-18T15:30:00.591Z"}
{"level":"info","message":"MongoDB connected successfully","timestamp":"2025-06-18T15:30:01.736Z"}
{"level":"info","message":"Server is running on port 3000","timestamp":"2025-06-18T15:30:17.808Z"}
{"level":"info","message":"MongoDB connected successfully","timestamp":"2025-06-18T15:30:19.103Z"}
{"level":"info","message":"Server is running on port 3000","timestamp":"2025-06-18T15:30:26.190Z"}
{"level":"info","message":"MongoDB connected successfully","timestamp":"2025-06-18T15:30:27.613Z"}
{"level":"info","message":"Server is running on port 3000","timestamp":"2025-06-18T15:30:33.146Z"}
{"level":"info","message":"Server is running on port 3000","timestamp":"2025-06-18T15:30:37.161Z"}
{"level":"info","message":"Server is running on port 3000","timestamp":"2025-06-18T15:30:41.659Z"}
{"level":"info","message":"MongoDB connected successfully","timestamp":"2025-06-18T15:30:42.822Z"}
{"level":"info","message":"Server is running on port 3000","timestamp":"2025-06-18T15:31:13.044Z"}
{"level":"info","message":"MongoDB connected successfully","timestamp":"2025-06-18T15:31:14.166Z"}
{"level":"info","message":"Server is running on port 3000","timestamp":"2025-06-18T15:31:26.890Z"}
{"level":"info","message":"Server is running on port 3000","timestamp":"2025-06-18T15:31:34.982Z"}
{"level":"info","message":"Server is running on port 3000","timestamp":"2025-06-18T15:31:41.103Z"}
{"level":"info","message":"MongoDB connected successfully","timestamp":"2025-06-18T15:31:42.232Z"}
{"level":"info","message":"Server is running on port 3000","timestamp":"2025-06-18T15:31:49.977Z"}
{"level":"info","message":"Server is running on port 3000","timestamp":"2025-06-18T15:32:00.820Z"}
{"level":"info","message":"MongoDB connected successfully","timestamp":"2025-06-18T15:32:01.997Z"}
{"level":"info","message":"Server is running on port 3000","timestamp":"2025-06-18T15:32:19.693Z"}
{"level":"info","message":"Server is running on port 3000","timestamp":"2025-06-18T15:32:24.043Z"}
{"level":"info","message":"MongoDB connected successfully","timestamp":"2025-06-18T15:32:25.196Z"}
{"level":"info","message":"Server is running on port 3000","timestamp":"2025-06-18T15:34:10.821Z"}
{"level":"info","message":"MongoDB connected successfully","timestamp":"2025-06-18T15:34:12.151Z"}
{"level":"info","message":"Server is running on port 3000","timestamp":"2025-06-18T15:34:18.893Z"}
{"level":"info","message":"MongoDB connected successfully","timestamp":"2025-06-18T15:34:20.118Z"}
{"level":"info","message":"Server is running on port 3000","timestamp":"2025-06-18T15:34:33.891Z"}
{"level":"info","message":"MongoDB connected successfully","timestamp":"2025-06-18T15:34:35.056Z"}
{"level":"info","message":"Server is running on port 3000","timestamp":"2025-06-18T15:34:47.270Z"}
{"level":"info","message":"MongoDB connected successfully","timestamp":"2025-06-18T15:34:48.679Z"}
{"level":"info","message":"Server is running on port 3000","timestamp":"2025-06-18T15:34:58.830Z"}
{"level":"info","message":"MongoDB connected successfully","timestamp":"2025-06-18T15:34:59.966Z"}
{"level":"info","message":"Server is running on port 3000","timestamp":"2025-06-18T15:37:23.625Z"}
{"level":"info","message":"MongoDB connected successfully","timestamp":"2025-06-18T15:37:24.979Z"}
{"level":"info","message":"Server is running on port 3000","timestamp":"2025-06-18T15:37:30.661Z"}
{"level":"info","message":"MongoDB connected successfully","timestamp":"2025-06-18T15:37:31.808Z"}
{"level":"info","message":"Server is running on port 3000","timestamp":"2025-06-18T15:46:08.909Z"}
{"level":"info","message":"MongoDB connected successfully","timestamp":"2025-06-18T15:46:10.590Z"}
{"level":"info","message":"POST /api/dealers 201 191 - 198.783 ms","timestamp":"2025-06-18T15:46:26.996Z"}
{"level":"info","message":"POST /api/cars-make 201 180 - 117.159 ms","timestamp":"2025-06-18T15:47:28.684Z"}
{"level":"info","message":"POST /api/cars/dealer_01JY1VGPWRD513A4T0SCDT673P/carmake_01JY1VJK5SVCMXEETWTMJQ9YS3 404 44 - 114.926 ms","timestamp":"2025-06-18T15:48:59.610Z"}
{"level":"info","message":"Server is running on port 3000","timestamp":"2025-06-18T15:50:24.884Z"}
{"level":"info","message":"MongoDB connected successfully","timestamp":"2025-06-18T15:50:26.276Z"}
{"level":"info","message":"POST /api/cars/dealer_01JY1VGPWRD513A4T0SCDT673P/carmake_01JY1VJK5SVCMXEETWTMJQ9YS3 400 87 - 392.921 ms","timestamp":"2025-06-18T15:50:28.483Z"}
{"level":"info","message":"Server is running on port 3000","timestamp":"2025-06-18T15:51:59.038Z"}
{"level":"info","message":"MongoDB connected successfully","timestamp":"2025-06-18T15:52:00.677Z"}
{"level":"info","message":"Server is running on port 3000","timestamp":"2025-06-18T15:52:28.195Z"}
{"level":"info","message":"MongoDB connected successfully","timestamp":"2025-06-18T15:52:29.375Z"}
{"level":"info","message":"POST /api/cars/dealer_01JY1VGPWRD513A4T0SCDT673P/carmake_01JY1VJK5SVCMXEETWTMJQ9YS3 400 81 - 16.953 ms","timestamp":"2025-06-18T15:52:32.953Z"}
{"level":"info","message":"POST /api/cars/dealer_01JY1VGPWRD513A4T0SCDT673P/carmake_01JY1VJK5SVCMXEETWTMJQ9YS3 201 295 - 401.755 ms","timestamp":"2025-06-18T15:52:46.618Z"}
{"level":"info","message":"Server is running on port 3000","timestamp":"2025-06-18T16:02:14.520Z"}
{"level":"info","message":"MongoDB connected successfully","timestamp":"2025-06-18T16:02:16.154Z"}
{"level":"info","message":"GET /api/cars/:dealerId/:carmakeId 200 297 - 155.948 ms","timestamp":"2025-06-18T16:02:19.185Z"}
{"level":"info","message":"GET /api/cars/ 404 148 - 4.988 ms","timestamp":"2025-06-18T16:02:32.141Z"}
{"level":"info","message":"GET //api/cars/:dealerId/:carmakeId/car_01JY1VW9M2YBCEJH3GGYMJEJ2N 404 200 - 0.701 ms","timestamp":"2025-06-18T16:03:19.032Z"}
{"level":"info","message":"GET /api/cars/:dealerId/:carmakeId/car_01JY1VW9M2YBCEJH3GGYMJEJ2N 200 295 - 119.251 ms","timestamp":"2025-06-18T16:03:36.163Z"}
{"level":"info","message":"PUT /api/cars/:dealerId/:carmakeId/car_01JY1VW9M2YBCEJH3GGYMJEJ2N 404 41 - 165.052 ms","timestamp":"2025-06-18T16:04:38.239Z"}
{"level":"info","message":"PUT /api/cars/:dealerId/:carmakeId/car_01JY1VW9M2YBCEJH3GGYMJEJ2N 404 41 - 108.152 ms","timestamp":"2025-06-18T16:05:44.876Z"}
{"level":"info","message":"GET /api/cars/:dealerId/:carmakeId/car_01JY1VW9M2YBCEJH3GGYMJEJ2N 200 295 - 110.453 ms","timestamp":"2025-06-18T16:06:01.691Z"}
{"level":"info","message":"PUT /api/cars/:dealerId/:carmakeId/car_01JY1VW9M2YBCEJH3GGYMJEJ2N 404 41 - 114.654 ms","timestamp":"2025-06-18T16:06:17.307Z"}
{"level":"info","message":"Server is running on port 3000","timestamp":"2025-06-18T16:06:41.707Z"}
{"level":"info","message":"MongoDB connected successfully","timestamp":"2025-06-18T16:06:43.306Z"}
{"level":"info","message":"PUT /api/cars/:dealerId/:carmakeId/car_01JY1VW9M2YBCEJH3GGYMJEJ2N 200 295 - 160.179 ms","timestamp":"2025-06-18T16:06:46.019Z"}
{"level":"info","message":"DELETE /api/cars/:dealerId/:carmakeId/car_01JY1VW9M2YBCEJH3GGYMJEJ2N 200 26 - 151.435 ms","timestamp":"2025-06-18T16:07:18.905Z"}
{"level":"info","message":"GET /api/cars/:dealerId/:carmakeId 200 26 - 111.647 ms","timestamp":"2025-06-18T16:07:26.204Z"}
{"level":"info","message":"DELETE /api/dealers/dealer_01JY1JCY39K6G3SSZXZC145M4S 404 44 - 24015.418 ms","timestamp":"2025-06-18T16:33:22.959Z"}
